  bash arg: -p
  bash arg: com.google.android.youtube
  bash arg: -v
  bash arg: 500
:Monkey: seed=1656252629978 count=500
:AllowPackage: com.google.android.youtube
:IncludeCategory: android.intent.category.LAUNCHER
:IncludeCategory: android.intent.category.MONKEY
// Event percentages:
//   0: 15.0%
//   1: 10.0%
//   2: 2.0%
//   3: 15.0%
//   4: -0.0%
//   5: -0.0%
//   6: 25.0%
//   7: 15.0%
//   8: 2.0%
//   9: 2.0%
//   10: 1.0%
//   11: 13.0%
:Switch: #Intent;action=android.intent.action.MAIN;category=android.intent.category.LAUNCHER;launchFlags=0x10200000;component=com.google.android.youtube/.app.honeycomb.Shell%24HomeActivity;end
    // Allowing start of Intent { act=android.intent.action.MAIN cat=[android.intent.category.LAUNCHER] cmp=com.google.android.youtube/.app.honeycomb.Shell$HomeActivity } in package com.google.android.youtube
:Sending Touch (ACTION_DOWN): 0:(586.0,1729.0)
:Sending Touch (ACTION_UP): 0:(589.75165,1826.3646)
    // Allowing start of Intent { act=android.intent.action.MAIN cat=[android.intent.category.LAUNCHER] cmp=com.google.android.youtube/com.google.android.apps.youtube.app.watchwhile.WatchWhileActivity } in package com.google.android.youtube
    // activityResuming(com.google.android.youtube)
:Sending Trackball (ACTION_MOVE): 0:(0.0,-3.0)
:Sending Touch (ACTION_DOWN): 0:(1153.0,1072.0)
:Sending Touch (ACTION_UP): 0:(1157.1208,1080.1533)
:Sending Touch (ACTION_DOWN): 0:(545.0,41.0)
:Sending Touch (ACTION_UP): 0:(552.3302,38.839737)
:Sending Touch (ACTION_DOWN): 0:(110.0,255.0)
:Sending Touch (ACTION_UP): 0:(65.55062,267.89758)
:Sending Touch (ACTION_DOWN): 0:(467.0,539.0)
:Sending Touch (ACTION_UP): 0:(479.4862,515.52545)
:Sending Trackball (ACTION_MOVE): 0:(-1.0,-3.0)
:Sending Touch (ACTION_DOWN): 0:(433.0,2356.0)
:Sending Touch (ACTION_UP): 0:(424.48685,2368.0)
:Sending Touch (ACTION_DOWN): 0:(375.0,1838.0)
:Sending Touch (ACTION_UP): 0:(369.7921,1875.9974)
:Sending Touch (ACTION_DOWN): 0:(736.0,1261.0)
:Sending Touch (ACTION_UP): 0:(721.1754,1263.6338)
:Sending Trackball (ACTION_MOVE): 0:(0.0,4.0)
:Sending Trackball (ACTION_UP): 0:(0.0,0.0)
:Sending Touch (ACTION_DOWN): 0:(1193.0,2008.0)
:Sending Touch (ACTION_UP): 0:(1228.8756,2012.5543)
    //[calendar_time:2022-06-26 11:47:17.128  system_uptime:9532294]
    // Sending event #100
:Sending Touch (ACTION_DOWN): 0:(29.0,572.0)
:Sending Touch (ACTION_UP): 0:(29.060453,569.30396)
:Sending Touch (ACTION_DOWN): 0:(935.0,805.0)
:Sending Touch (ACTION_UP): 0:(927.6549,809.75134)
:Sending Touch (ACTION_DOWN): 0:(319.0,2094.0)
:Sending Touch (ACTION_UP): 0:(321.72717,2084.0596)
:Sending Touch (ACTION_DOWN): 0:(1222.0,1587.0)
:Sending Touch (ACTION_UP): 0:(1221.1511,1583.9283)
:Sending Touch (ACTION_DOWN): 0:(664.0,2221.0)
:Sending Touch (ACTION_UP): 0:(694.984,2271.3499)
:Sending Touch (ACTION_DOWN): 0:(112.0,437.0)
:Sending Touch (ACTION_UP): 0:(102.59478,363.05487)
:Sending Trackball (ACTION_MOVE): 0:(-2.0,4.0)
:Sending Touch (ACTION_DOWN): 0:(427.0,937.0)
:Sending Touch (ACTION_UP): 0:(363.2683,938.9538)
:Sending Trackball (ACTION_MOVE): 0:(1.0,1.0)
:Switch: #Intent;action=android.intent.action.MAIN;category=android.intent.category.LAUNCHER;launchFlags=0x10200000;component=com.google.android.youtube/.app.honeycomb.Shell%24HomeActivity;end
    // Allowing start of Intent { act=android.intent.action.MAIN cat=[android.intent.category.LAUNCHER] cmp=com.google.android.youtube/.app.honeycomb.Shell$HomeActivity } in package com.google.android.youtube
    // Rejecting start of Intent { act=com.android.intent.action.SHOW_BRIGHTNESS_DIALOG cmp=com.android.systemui/.settings.BrightnessDialog } in package com.android.systemui
:Sending Touch (ACTION_DOWN): 0:(429.0,1626.0)
:Sending Touch (ACTION_UP): 0:(346.81607,1718.4581)
:Sending Touch (ACTION_DOWN): 0:(312.0,308.0)
:Sending Touch (ACTION_UP): 0:(311.67484,320.88922)
:Sending Touch (ACTION_DOWN): 0:(303.0,777.0)
:Sending Touch (ACTION_UP): 0:(291.56567,775.5751)
:Sending Touch (ACTION_DOWN): 0:(231.0,156.0)
:Sending Touch (ACTION_UP): 0:(226.19167,149.11977)
:Switch: #Intent;action=android.intent.action.MAIN;category=android.intent.category.LAUNCHER;launchFlags=0x10200000;component=com.google.android.youtube/.app.honeycomb.Shell%24HomeActivity;end
    // Allowing start of Intent { act=android.intent.action.MAIN cat=[android.intent.category.LAUNCHER] cmp=com.google.android.youtube/.app.honeycomb.Shell$HomeActivity } in package com.google.android.youtube
:Sending Touch (ACTION_DOWN): 0:(1035.0,1876.0)
:Sending Touch (ACTION_UP): 0:(1027.5634,1878.9872)
:Sending Trackball (ACTION_MOVE): 0:(-4.0,-4.0)
    // Allowing start of Intent { act=android.intent.action.MAIN cat=[android.intent.category.LAUNCHER] cmp=com.google.android.youtube/com.google.android.apps.youtube.app.watchwhile.WatchWhileActivity } in package com.google.android.youtube
    // activityResuming(com.google.android.youtube)
    //[calendar_time:2022-06-26 11:47:17.807  system_uptime:9532968]
    // Sending event #200
:Sending Touch (ACTION_DOWN): 0:(636.0,1312.0)
:Sending Touch (ACTION_UP): 0:(639.62573,1298.7319)
:Sending Touch (ACTION_DOWN): 0:(814.0,1001.0)
:Sending Touch (ACTION_UP): 0:(883.2577,1065.3181)
:Sending Touch (ACTION_DOWN): 0:(54.0,2047.0)
:Sending Touch (ACTION_UP): 0:(21.281136,2093.3315)
:Sending Trackball (ACTION_MOVE): 0:(3.0,1.0)
:Sending Trackball (ACTION_UP): 0:(0.0,0.0)
:Sending Touch (ACTION_DOWN): 0:(333.0,2036.0)
:Sending Touch (ACTION_UP): 0:(350.75592,2052.052)
:Switch: #Intent;action=android.intent.action.MAIN;category=android.intent.category.LAUNCHER;launchFlags=0x10200000;component=com.google.android.youtube/.app.honeycomb.Shell%24HomeActivity;end
    // Allowing start of Intent { act=android.intent.action.MAIN cat=[android.intent.category.LAUNCHER] cmp=com.google.android.youtube/.app.honeycomb.Shell$HomeActivity } in package com.google.android.youtube
:Sending Touch (ACTION_DOWN): 0:(705.0,534.0)
:Sending Touch (ACTION_UP): 0:(695.63214,517.17487)
:Sending Touch (ACTION_DOWN): 0:(287.0,691.0)
:Sending Touch (ACTION_UP): 0:(300.92722,690.1214)
:Sending Trackball (ACTION_MOVE): 0:(4.0,-1.0)
:Sending Trackball (ACTION_UP): 0:(0.0,0.0)
:Sending Trackball (ACTION_MOVE): 0:(1.0,4.0)
:Sending Trackball (ACTION_MOVE): 0:(-2.0,1.0)
    //[calendar_time:2022-06-26 11:47:18.396  system_uptime:9533558]
    // Sending event #300
:Sending Touch (ACTION_DOWN): 0:(747.0,272.0)
    // Allowing start of Intent { act=android.intent.action.MAIN cat=[android.intent.category.HOME] cmp=com.android.launcher3/.uioverrides.QuickstepLauncher } in package com.android.launcher3
:Sending Touch (ACTION_UP): 0:(879.6363,197.26553)
:Sending Touch (ACTION_DOWN): 0:(208.0,6.0)
:Sending Touch (ACTION_UP): 0:(214.95593,38.924686)
:Switch: #Intent;action=android.intent.action.MAIN;category=android.intent.category.LAUNCHER;launchFlags=0x10200000;component=com.google.android.youtube/.app.honeycomb.Shell%24HomeActivity;end
    // Allowing start of Intent { act=android.intent.action.MAIN cat=[android.intent.category.LAUNCHER] cmp=com.google.android.youtube/.app.honeycomb.Shell$HomeActivity } in package com.google.android.youtube
:Sending Touch (ACTION_DOWN): 0:(485.0,1371.0)
:Sending Touch (ACTION_UP): 0:(447.74423,1373.8514)
:Sending Touch (ACTION_DOWN): 0:(209.0,650.0)
:Sending Touch (ACTION_UP): 0:(216.61224,636.5106)
:Switch: #Intent;action=android.intent.action.MAIN;category=android.intent.category.LAUNCHER;launchFlags=0x10200000;component=com.google.android.youtube/.app.honeycomb.Shell%24HomeActivity;end
    // Allowing start of Intent { act=android.intent.action.MAIN cat=[android.intent.category.LAUNCHER] cmp=com.google.android.youtube/.app.honeycomb.Shell$HomeActivity } in package com.google.android.youtube
:Sending Flip keyboardOpen=false
Got IOException performing flipjava.io.FileNotFoundException: /dev/input/event0: open failed: EACCES (Permission denied)
    // Injection Failed
:Sending Touch (ACTION_DOWN): 0:(1059.0,1915.0)
:Sending Touch (ACTION_UP): 0:(977.624,1801.2783)
    // Injection Failed
:Sending Touch (ACTION_DOWN): 0:(1041.0,1767.0)
:Sending Touch (ACTION_UP): 0:(1043.5782,1764.0863)
:Sending Trackball (ACTION_MOVE): 0:(-1.0,-1.0)
:Sending Touch (ACTION_DOWN): 0:(1336.0,1664.0)
:Sending Touch (ACTION_UP): 0:(1333.8203,1662.9436)
:Sending Flip keyboardOpen=true
Got IOException performing flipjava.io.FileNotFoundException: /dev/input/event0: open failed: EACCES (Permission denied)
    // Injection Failed
:Sending Trackball (ACTION_MOVE): 0:(-2.0,-1.0)
    //[calendar_time:2022-06-26 11:47:19.543  system_uptime:9534705]
    // Sending event #400
:Sending Trackball (ACTION_MOVE): 0:(4.0,-4.0)
:Sending Trackball (ACTION_MOVE): 0:(3.0,3.0)
:Sending Trackball (ACTION_MOVE): 0:(1.0,0.0)
:Sending Touch (ACTION_DOWN): 0:(1392.0,1038.0)
:Sending Touch (ACTION_UP): 0:(1390.1118,1026.9163)
:Sending Trackball (ACTION_MOVE): 0:(3.0,1.0)
:Sending Touch (ACTION_DOWN): 0:(1408.0,1441.0)
:Sending Touch (ACTION_UP): 0:(1310.1855,1397.5273)
:Sending Trackball (ACTION_MOVE): 0:(1.0,4.0)
:Sending Touch (ACTION_DOWN): 0:(1316.0,2146.0)
:Sending Touch (ACTION_UP): 0:(1361.8171,2159.7808)
:Sending Touch (ACTION_DOWN): 0:(614.0,1901.0)
Events injected: 500
:Sending rotation degree=0, persist=false
:Dropped: keys=1 pointers=0 trackballs=0 flips=2 rotations=0
## Network stats: elapsed time=4560ms (0ms mobile, 0ms wifi, 4560ms not connected)
// Monkey finished
